{"/home/travis/build/npmtest/node-npmtest-grunt-spritesmith/test.js":{"path":"/home/travis/build/npmtest/node-npmtest-grunt-spritesmith/test.js","s":{"1":2,"2":2,"3":2,"4":2,"5":2,"6":2,"7":2,"8":1,"9":2,"10":2,"11":1,"12":1,"13":1,"14":1,"15":2,"16":2,"17":2,"18":2,"19":1,"20":1,"21":2,"22":2,"23":2,"24":1,"25":1,"26":1,"27":1,"28":1,"29":1,"30":1,"31":1,"32":1,"33":1,"34":1,"35":1,"36":1,"37":1,"38":1,"39":2,"40":2,"41":1,"42":2,"43":2,"44":1,"45":2,"46":2,"47":1,"48":2,"49":2,"50":1,"51":1,"52":1,"53":1,"54":1},"b":{"1":[2,1,1,1],"2":[1,1,1,1],"3":[1,1],"4":[1,1],"5":[1,1],"6":[1,1],"7":[1,1],"8":[1,1],"9":[1,1],"10":[1,1,1],"11":[1,1],"12":[1,1],"13":[1,1],"14":[1,1],"15":[1,1],"16":[1,1],"17":[1,1]},"f":{"1":2,"2":2,"3":2,"4":2,"5":2,"6":1,"7":1,"8":1,"9":2,"10":2,"11":2,"12":2,"13":1},"fnMap":{"1":{"name":"(anonymous_1)","line":12,"loc":{"start":{"line":12,"column":1},"end":{"line":12,"column":13}}},"2":{"name":"(anonymous_2)","line":19,"loc":{"start":{"line":19,"column":5},"end":{"line":19,"column":17}}},"3":{"name":"(anonymous_3)","line":23,"loc":{"start":{"line":23,"column":24},"end":{"line":23,"column":36}}},"4":{"name":"(anonymous_4)","line":61,"loc":{"start":{"line":61,"column":5},"end":{"line":61,"column":17}}},"5":{"name":"(anonymous_5)","line":82,"loc":{"start":{"line":82,"column":5},"end":{"line":82,"column":17}}},"6":{"name":"(anonymous_6)","line":91,"loc":{"start":{"line":91,"column":77},"end":{"line":94,"column":10}}},"7":{"name":"(anonymous_7)","line":112,"loc":{"start":{"line":112,"column":83},"end":{"line":115,"column":10}},"skip":true},"8":{"name":"(anonymous_8)","line":123,"loc":{"start":{"line":123,"column":77},"end":{"line":126,"column":10}},"skip":true},"9":{"name":"(anonymous_9)","line":139,"loc":{"start":{"line":139,"column":12},"end":{"line":139,"column":40}},"skip":true},"10":{"name":"(anonymous_10)","line":147,"loc":{"start":{"line":147,"column":77},"end":{"line":150,"column":10}},"skip":true},"11":{"name":"(anonymous_11)","line":158,"loc":{"start":{"line":158,"column":83},"end":{"line":161,"column":10}},"skip":true},"12":{"name":"(anonymous_12)","line":169,"loc":{"start":{"line":169,"column":79},"end":{"line":172,"column":10}},"skip":true},"13":{"name":"(anonymous_13)","line":180,"loc":{"start":{"line":180,"column":75},"end":{"line":183,"column":10}},"skip":true}},"statementMap":{"1":{"start":{"line":12,"column":0},"end":{"line":195,"column":5}},"2":{"start":{"line":14,"column":4},"end":{"line":14,"column":14}},"3":{"start":{"line":19,"column":4},"end":{"line":56,"column":9}},"4":{"start":{"line":21,"column":8},"end":{"line":21,"column":19}},"5":{"start":{"line":23,"column":8},"end":{"line":35,"column":13}},"6":{"start":{"line":24,"column":12},"end":{"line":34,"column":13}},"7":{"start":{"line":25,"column":16},"end":{"line":28,"column":30}},"8":{"start":{"line":30,"column":16},"end":{"line":33,"column":27}},"9":{"start":{"line":37,"column":8},"end":{"line":39,"column":21}},"10":{"start":{"line":40,"column":8},"end":{"line":53,"column":9}},"11":{"start":{"line":43,"column":12},"end":{"line":46,"column":14}},"12":{"start":{"line":47,"column":12},"end":{"line":47,"column":18}},"13":{"start":{"line":50,"column":12},"end":{"line":51,"column":46}},"14":{"start":{"line":52,"column":12},"end":{"line":52,"column":18}},"15":{"start":{"line":55,"column":8},"end":{"line":55,"column":35}},"16":{"start":{"line":61,"column":4},"end":{"line":63,"column":9}},"17":{"start":{"line":62,"column":8},"end":{"line":62,"column":15}},"18":{"start":{"line":64,"column":4},"end":{"line":77,"column":5}},"19":{"start":{"line":70,"column":8},"end":{"line":70,"column":14}},"20":{"start":{"line":76,"column":8},"end":{"line":76,"column":14}},"21":{"start":{"line":82,"column":4},"end":{"line":84,"column":9}},"22":{"start":{"line":83,"column":8},"end":{"line":83,"column":15}},"23":{"start":{"line":85,"column":4},"end":{"line":194,"column":5}},"24":{"start":{"line":91,"column":8},"end":{"line":99,"column":10}},"25":{"start":{"line":98,"column":12},"end":{"line":98,"column":35}},"26":{"start":{"line":102,"column":8},"end":{"line":104,"column":63}},"27":{"start":{"line":105,"column":8},"end":{"line":105,"column":14}},"28":{"start":{"line":112,"column":8},"end":{"line":121,"column":10},"skip":true},"29":{"start":{"line":119,"column":12},"end":{"line":119,"column":55},"skip":true},"30":{"start":{"line":120,"column":12},"end":{"line":120,"column":48},"skip":true},"31":{"start":{"line":123,"column":8},"end":{"line":136,"column":10},"skip":true},"32":{"start":{"line":130,"column":12},"end":{"line":130,"column":76},"skip":true},"33":{"start":{"line":131,"column":12},"end":{"line":131,"column":73},"skip":true},"34":{"start":{"line":132,"column":12},"end":{"line":132,"column":74},"skip":true},"35":{"start":{"line":133,"column":12},"end":{"line":133,"column":79},"skip":true},"36":{"start":{"line":134,"column":12},"end":{"line":134,"column":25},"skip":true},"37":{"start":{"line":135,"column":12},"end":{"line":135,"column":45},"skip":true},"38":{"start":{"line":138,"column":8},"end":{"line":145,"column":14},"skip":true},"39":{"start":{"line":143,"column":16},"end":{"line":143,"column":29},"skip":true},"40":{"start":{"line":144,"column":16},"end":{"line":144,"column":55},"skip":true},"41":{"start":{"line":147,"column":8},"end":{"line":156,"column":10},"skip":true},"42":{"start":{"line":154,"column":12},"end":{"line":154,"column":25},"skip":true},"43":{"start":{"line":155,"column":12},"end":{"line":155,"column":45},"skip":true},"44":{"start":{"line":158,"column":8},"end":{"line":167,"column":10},"skip":true},"45":{"start":{"line":165,"column":12},"end":{"line":165,"column":25},"skip":true},"46":{"start":{"line":166,"column":12},"end":{"line":166,"column":48},"skip":true},"47":{"start":{"line":169,"column":8},"end":{"line":178,"column":10},"skip":true},"48":{"start":{"line":176,"column":12},"end":{"line":176,"column":25},"skip":true},"49":{"start":{"line":177,"column":12},"end":{"line":177,"column":46},"skip":true},"50":{"start":{"line":180,"column":8},"end":{"line":189,"column":10},"skip":true},"51":{"start":{"line":187,"column":12},"end":{"line":187,"column":94},"skip":true},"52":{"start":{"line":188,"column":12},"end":{"line":188,"column":48},"skip":true},"53":{"start":{"line":192,"column":8},"end":{"line":192,"column":35},"skip":true},"54":{"start":{"line":193,"column":8},"end":{"line":193,"column":14},"skip":true}},"branchMap":{"1":{"line":25,"type":"binary-expr","locations":[{"start":{"line":25,"column":23},"end":{"line":25,"column":62}},{"start":{"line":26,"column":20},"end":{"line":26,"column":70}},{"start":{"line":27,"column":20},"end":{"line":27,"column":71}},{"start":{"line":28,"column":20},"end":{"line":28,"column":29}}]},"2":{"line":30,"type":"binary-expr","locations":[{"start":{"line":30,"column":23},"end":{"line":30,"column":37}},{"start":{"line":31,"column":20},"end":{"line":31,"column":61}},{"start":{"line":32,"column":20},"end":{"line":32,"column":70}},{"start":{"line":33,"column":20},"end":{"line":33,"column":26}}]},"3":{"line":37,"type":"cond-expr","locations":[{"start":{"line":38,"column":14},"end":{"line":38,"column":20}},{"start":{"line":39,"column":14},"end":{"line":39,"column":20}}]},"4":{"line":40,"type":"switch","locations":[{"start":{"line":42,"column":8},"end":{"line":47,"column":18}},{"start":{"line":49,"column":8},"end":{"line":52,"column":18}}]},"5":{"line":44,"type":"binary-expr","locations":[{"start":{"line":44,"column":16},"end":{"line":44,"column":44}},{"start":{"line":44,"column":48},"end":{"line":44,"column":66}}]},"6":{"line":50,"type":"binary-expr","locations":[{"start":{"line":50,"column":21},"end":{"line":50,"column":49}},{"start":{"line":50,"column":53},"end":{"line":50,"column":72}}]},"7":{"line":64,"type":"switch","locations":[{"start":{"line":69,"column":4},"end":{"line":70,"column":14}},{"start":{"line":75,"column":4},"end":{"line":76,"column":14}}]},"8":{"line":85,"type":"switch","locations":[{"start":{"line":90,"column":4},"end":{"line":105,"column":14}},{"start":{"line":111,"column":4},"end":{"line":193,"column":14},"skip":true}]},"9":{"line":91,"type":"binary-expr","locations":[{"start":{"line":91,"column":42},"end":{"line":91,"column":73}},{"start":{"line":91,"column":77},"end":{"line":99,"column":9}}]},"10":{"line":102,"type":"binary-expr","locations":[{"start":{"line":102,"column":18},"end":{"line":102,"column":32}},{"start":{"line":103,"column":12},"end":{"line":103,"column":53}},{"start":{"line":104,"column":12},"end":{"line":104,"column":61}}]},"11":{"line":112,"type":"binary-expr","locations":[{"start":{"line":112,"column":45},"end":{"line":112,"column":79},"skip":true},{"start":{"line":112,"column":83},"end":{"line":121,"column":9},"skip":true}]},"12":{"line":123,"type":"binary-expr","locations":[{"start":{"line":123,"column":42},"end":{"line":123,"column":73},"skip":true},{"start":{"line":123,"column":77},"end":{"line":136,"column":9},"skip":true}]},"13":{"line":138,"type":"binary-expr","locations":[{"start":{"line":138,"column":48},"end":{"line":138,"column":85},"skip":true},{"start":{"line":139,"column":12},"end":{"line":145,"column":13},"skip":true}]},"14":{"line":147,"type":"binary-expr","locations":[{"start":{"line":147,"column":42},"end":{"line":147,"column":73},"skip":true},{"start":{"line":147,"column":77},"end":{"line":156,"column":9},"skip":true}]},"15":{"line":158,"type":"binary-expr","locations":[{"start":{"line":158,"column":45},"end":{"line":158,"column":79},"skip":true},{"start":{"line":158,"column":83},"end":{"line":167,"column":9},"skip":true}]},"16":{"line":169,"type":"binary-expr","locations":[{"start":{"line":169,"column":43},"end":{"line":169,"column":75},"skip":true},{"start":{"line":169,"column":79},"end":{"line":178,"column":9},"skip":true}]},"17":{"line":180,"type":"binary-expr","locations":[{"start":{"line":180,"column":41},"end":{"line":180,"column":71},"skip":true},{"start":{"line":180,"column":75},"end":{"line":189,"column":9},"skip":true}]}},"code":["/* istanbul instrument in package npmtest_grunt_spritesmith */","/*jslint","    bitwise: true,","    browser: true,","    maxerr: 8,","    maxlen: 96,","    node: true,","    nomen: true,","    regexp: true,","    stupid: true","*/","(function () {","    'use strict';","    var local;","","","","    // run shared js-env code - pre-init","    (function () {","        // init local","        local = {};","        // init modeJs","        local.modeJs = (function () {","            try {","                return typeof navigator.userAgent === 'string' &&","                    typeof document.querySelector('body') === 'object' &&","                    typeof XMLHttpRequest.prototype.open === 'function' &&","                    'browser';","            } catch (errorCaughtBrowser) {","                return module.exports &&","                    typeof process.versions.node === 'string' &&","                    typeof require('http').createServer === 'function' &&","                    'node';","            }","        }());","        // init global","        local.global = local.modeJs === 'browser'","            ? window","            : global;","        switch (local.modeJs) {","        // re-init local from window.local","        case 'browser':","            local = local.global.utility2.objectSetDefault(","                local.global.utility2_rollup || local.global.local,","                local.global.utility2","            );","            break;","        // re-init local from example.js","        case 'node':","            local = (local.global.utility2_rollup || require('utility2'))","                .requireExampleJsFromReadme();","            break;","        }","        // export local","        local.global.local = local;","    }());","","","","    // run shared js-env code - function","    (function () {","        return;","    }());","    switch (local.modeJs) {","","","","    // run browser js-env code - function","    case 'browser':","        break;","","","","    // run node js-env code - function","    case 'node':","        break;","    }","","","","    // run shared js-env code - post-init","    (function () {","        return;","    }());","    switch (local.modeJs) {","","","","    // run browser js-env code - post-init","    case 'browser':","        local.testCase_browser_nullCase = local.testCase_browser_nullCase || function (","            options,","            onError","        ) {","        /*","         * this function will test browsers's null-case handling-behavior-behavior","         */","            onError(null, options);","        };","","        // run tests","        local.nop(local.modeTest &&","            document.querySelector('#testRunButton1') &&","            document.querySelector('#testRunButton1').click());","        break;","","","","    // run node js-env code - post-init","    /* istanbul ignore next */","    case 'node':","        local.testCase_buildApidoc_default = local.testCase_buildApidoc_default || function (","            options,","            onError","        ) {","        /*","         * this function will test buildApidoc's default handling-behavior-behavior","         */","            options = { modulePathList: module.paths };","            local.buildApidoc(options, onError);","        };","","        local.testCase_buildApp_default = local.testCase_buildApp_default || function (","            options,","            onError","        ) {","        /*","         * this function will test buildApp's default handling-behavior-behavior","         */","            local.testCase_buildReadme_default(options, local.onErrorThrow);","            local.testCase_buildLib_default(options, local.onErrorThrow);","            local.testCase_buildTest_default(options, local.onErrorThrow);","            local.testCase_buildCustomOrg_default(options, local.onErrorThrow);","            options = [];","            local.buildApp(options, onError);","        };","","        local.testCase_buildCustomOrg_default = local.testCase_buildCustomOrg_default ||","            function (options, onError) {","            /*","             * this function will test buildCustomOrg's default handling-behavior","             */","                options = {};","                local.buildCustomOrg(options, onError);","            };","","        local.testCase_buildLib_default = local.testCase_buildLib_default || function (","            options,","            onError","        ) {","        /*","         * this function will test buildLib's default handling-behavior","         */","            options = {};","            local.buildLib(options, onError);","        };","","        local.testCase_buildReadme_default = local.testCase_buildReadme_default || function (","            options,","            onError","        ) {","        /*","         * this function will test buildReadme's default handling-behavior-behavior","         */","            options = {};","            local.buildReadme(options, onError);","        };","","        local.testCase_buildTest_default = local.testCase_buildTest_default || function (","            options,","            onError","        ) {","        /*","         * this function will test buildTest's default handling-behavior","         */","            options = {};","            local.buildTest(options, onError);","        };","","        local.testCase_webpage_default = local.testCase_webpage_default || function (","            options,","            onError","        ) {","        /*","         * this function will test webpage's default handling-behavior","         */","            options = { modeCoverageMerge: true, url: local.serverLocalHost + '?modeTest=1' };","            local.browserTest(options, onError);","        };","","        // run test-server","        local.testRunServer(local);","        break;","    }","}());",""],"l":{"12":2,"14":2,"19":2,"21":2,"23":2,"24":2,"25":2,"30":1,"37":2,"40":2,"43":1,"47":1,"50":1,"52":1,"55":2,"61":2,"62":2,"64":2,"70":1,"76":1,"82":2,"83":2,"85":2,"91":1,"98":1,"102":1,"105":1,"112":1,"119":1,"120":1,"123":1,"130":1,"131":1,"132":1,"133":1,"134":1,"135":1,"138":1,"143":2,"144":2,"147":1,"154":2,"155":2,"158":1,"165":2,"166":2,"169":1,"176":2,"177":2,"180":1,"187":1,"188":1,"192":1,"193":1}},"/home/travis/build/npmtest/node-npmtest-grunt-spritesmith/lib.npmtest_grunt_spritesmith.js":{"path":"/home/travis/build/npmtest/node-npmtest-grunt-spritesmith/lib.npmtest_grunt_spritesmith.js","s":{"1":2,"2":2,"3":2,"4":2,"5":2,"6":2,"7":2,"8":1,"9":2,"10":2,"11":2,"12":2,"13":1,"14":1,"15":1,"16":1},"b":{"1":[2,1,1,1],"2":[1,1,1,1],"3":[1,1],"4":[2,2],"5":[1,1]},"f":{"1":2,"2":2,"3":2},"fnMap":{"1":{"name":"(anonymous_1)","line":12,"loc":{"start":{"line":12,"column":1},"end":{"line":12,"column":13}}},"2":{"name":"(anonymous_2)","line":19,"loc":{"start":{"line":19,"column":5},"end":{"line":19,"column":17}}},"3":{"name":"(anonymous_3)","line":23,"loc":{"start":{"line":23,"column":24},"end":{"line":23,"column":36}}}},"statementMap":{"1":{"start":{"line":12,"column":0},"end":{"line":53,"column":5}},"2":{"start":{"line":14,"column":4},"end":{"line":14,"column":14}},"3":{"start":{"line":19,"column":4},"end":{"line":52,"column":9}},"4":{"start":{"line":21,"column":8},"end":{"line":21,"column":19}},"5":{"start":{"line":23,"column":8},"end":{"line":35,"column":13}},"6":{"start":{"line":24,"column":12},"end":{"line":34,"column":13}},"7":{"start":{"line":25,"column":16},"end":{"line":28,"column":30}},"8":{"start":{"line":30,"column":16},"end":{"line":33,"column":27}},"9":{"start":{"line":37,"column":8},"end":{"line":39,"column":21}},"10":{"start":{"line":41,"column":8},"end":{"line":41,"column":54}},"11":{"start":{"line":43,"column":8},"end":{"line":43,"column":62}},"12":{"start":{"line":45,"column":8},"end":{"line":51,"column":9}},"13":{"start":{"line":46,"column":12},"end":{"line":46,"column":68}},"14":{"start":{"line":48,"column":12},"end":{"line":48,"column":35}},"15":{"start":{"line":49,"column":12},"end":{"line":49,"column":49}},"16":{"start":{"line":50,"column":12},"end":{"line":50,"column":43}}},"branchMap":{"1":{"line":25,"type":"binary-expr","locations":[{"start":{"line":25,"column":23},"end":{"line":25,"column":62}},{"start":{"line":26,"column":20},"end":{"line":26,"column":70}},{"start":{"line":27,"column":20},"end":{"line":27,"column":71}},{"start":{"line":28,"column":20},"end":{"line":28,"column":29}}]},"2":{"line":30,"type":"binary-expr","locations":[{"start":{"line":30,"column":23},"end":{"line":30,"column":37}},{"start":{"line":31,"column":20},"end":{"line":31,"column":61}},{"start":{"line":32,"column":20},"end":{"line":32,"column":70}},{"start":{"line":33,"column":20},"end":{"line":33,"column":26}}]},"3":{"line":37,"type":"cond-expr","locations":[{"start":{"line":38,"column":14},"end":{"line":38,"column":20}},{"start":{"line":39,"column":14},"end":{"line":39,"column":20}}]},"4":{"line":41,"type":"binary-expr","locations":[{"start":{"line":41,"column":16},"end":{"line":41,"column":44}},{"start":{"line":41,"column":48},"end":{"line":41,"column":53}}]},"5":{"line":45,"type":"if","locations":[{"start":{"line":45,"column":8},"end":{"line":45,"column":8}},{"start":{"line":45,"column":8},"end":{"line":45,"column":8}}]}},"code":["/* istanbul instrument in package npmtest_grunt_spritesmith */","/*jslint","    bitwise: true,","    browser: true,","    maxerr: 8,","    maxlen: 96,","    node: true,","    nomen: true,","    regexp: true,","    stupid: true","*/","(function () {","    'use strict';","    var local;","","","","    // run shared js-env code - pre-init","    (function () {","        // init local","        local = {};","        // init modeJs","        local.modeJs = (function () {","            try {","                return typeof navigator.userAgent === 'string' &&","                    typeof document.querySelector('body') === 'object' &&","                    typeof XMLHttpRequest.prototype.open === 'function' &&","                    'browser';","            } catch (errorCaughtBrowser) {","                return module.exports &&","                    typeof process.versions.node === 'string' &&","                    typeof require('http').createServer === 'function' &&","                    'node';","            }","        }());","        // init global","        local.global = local.modeJs === 'browser'","            ? window","            : global;","        // init utility2_rollup","        local = local.global.utility2_rollup || local;","        // init lib","        local.local = local.npmtest_grunt_spritesmith = local;","        // init exports","        if (local.modeJs === 'browser') {","            local.global.utility2_npmtest_grunt_spritesmith = local;","        } else {","            module.exports = local;","            module.exports.__dirname = __dirname;","            module.exports.module = module;","        }","    }());","}());",""],"l":{"12":2,"14":2,"19":2,"21":2,"23":2,"24":2,"25":2,"30":1,"37":2,"41":2,"43":2,"45":2,"46":1,"48":1,"49":1,"50":1}},"/home/travis/build/npmtest/node-npmtest-grunt-spritesmith/example.js":{"path":"/home/travis/build/npmtest/node-npmtest-grunt-spritesmith/example.js","s":{"1":2,"2":2,"3":2,"4":2,"5":2,"6":2,"7":2,"8":1,"9":2,"10":2,"11":2,"12":2,"13":1,"14":2,"15":2,"16":2,"17":2,"18":2,"19":0,"20":2,"21":1,"22":1,"23":1,"24":1,"25":1,"26":0,"27":0,"28":1,"29":1,"30":2,"31":0,"32":0,"33":0,"34":1,"35":2,"36":2,"37":3,"38":3,"39":3,"40":3,"41":0,"42":3,"43":3,"44":3,"45":1,"46":3,"47":1,"48":1,"49":1,"50":1,"51":1,"52":1,"53":1,"54":1,"55":1,"56":1,"57":0,"58":1,"59":6,"60":6,"61":1,"62":2,"63":0,"64":2,"65":1,"66":1,"67":0,"68":0,"69":0,"70":0,"71":0,"72":0,"73":0,"74":0,"75":0,"76":0,"77":0,"78":0,"79":0,"80":0,"81":0,"82":0,"83":0},"b":{"1":[2,1,1,1],"2":[1,1,1,1],"3":[1,1],"4":[2,2],"5":[1,1],"6":[1,1],"7":[2,0],"8":[2,1,1,1,1,1],"9":[0,2,0],"10":[1,1],"11":[2,1,1],"12":[1,0],"13":[0,2],"14":[2,0,0,0,0,0,0],"15":[0,3],"16":[3,0],"17":[1,1],"18":[0,1],"19":[1,2,0,2],"20":[1,0],"21":[1,1],"22":[0,0],"23":[0,0],"24":[0,0],"25":[0,0],"26":[0,0],"27":[0,0],"28":[0,0]},"f":{"1":2,"2":2,"3":2,"4":2,"5":2,"6":2,"7":3,"8":3,"9":3,"10":1,"11":6,"12":0},"fnMap":{"1":{"name":"(anonymous_1)","line":26,"loc":{"start":{"line":26,"column":1},"end":{"line":26,"column":13}}},"2":{"name":"(anonymous_2)","line":33,"loc":{"start":{"line":33,"column":5},"end":{"line":33,"column":17}}},"3":{"name":"(anonymous_3)","line":37,"loc":{"start":{"line":37,"column":24},"end":{"line":37,"column":36}}},"4":{"name":"(anonymous_4)","line":69,"loc":{"start":{"line":69,"column":31},"end":{"line":69,"column":48}},"skip":true},"5":{"name":"(anonymous_5)","line":78,"loc":{"start":{"line":78,"column":26},"end":{"line":78,"column":45}},"skip":true},"6":{"name":"(anonymous_6)","line":123,"loc":{"start":{"line":123,"column":33},"end":{"line":123,"column":48}},"skip":true},"7":{"name":"(anonymous_7)","line":125,"loc":{"start":{"line":125,"column":27},"end":{"line":125,"column":39}},"skip":true},"8":{"name":"(anonymous_8)","line":133,"loc":{"start":{"line":133,"column":59},"end":{"line":133,"column":74}},"skip":true},"9":{"name":"(anonymous_9)","line":143,"loc":{"start":{"line":143,"column":45},"end":{"line":143,"column":62}},"skip":true},"10":{"name":"(anonymous_10)","line":144,"loc":{"start":{"line":144,"column":73},"end":{"line":144,"column":92}},"skip":true},"11":{"name":"(anonymous_11)","line":272,"loc":{"start":{"line":272,"column":51},"end":{"line":272,"column":77}},"skip":true},"12":{"name":"(anonymous_12)","line":315,"loc":{"start":{"line":315,"column":32},"end":{"line":315,"column":61}},"skip":true}},"statementMap":{"1":{"start":{"line":26,"column":0},"end":{"line":326,"column":5}},"2":{"start":{"line":28,"column":4},"end":{"line":28,"column":14}},"3":{"start":{"line":33,"column":4},"end":{"line":60,"column":9}},"4":{"start":{"line":35,"column":8},"end":{"line":35,"column":19}},"5":{"start":{"line":37,"column":8},"end":{"line":49,"column":13}},"6":{"start":{"line":38,"column":12},"end":{"line":48,"column":13}},"7":{"start":{"line":39,"column":16},"end":{"line":42,"column":30}},"8":{"start":{"line":44,"column":16},"end":{"line":47,"column":27}},"9":{"start":{"line":51,"column":8},"end":{"line":53,"column":21}},"10":{"start":{"line":55,"column":8},"end":{"line":57,"column":45}},"11":{"start":{"line":59,"column":8},"end":{"line":59,"column":35}},"12":{"start":{"line":61,"column":4},"end":{"line":325,"column":5}},"13":{"start":{"line":69,"column":8},"end":{"line":121,"column":10},"skip":true},"14":{"start":{"line":70,"column":12},"end":{"line":88,"column":13},"skip":true},"15":{"start":{"line":76,"column":16},"end":{"line":87,"column":19},"skip":true},"16":{"start":{"line":79,"column":20},"end":{"line":86,"column":21},"skip":true},"17":{"start":{"line":82,"column":24},"end":{"line":82,"column":43},"skip":true},"18":{"start":{"line":83,"column":24},"end":{"line":83,"column":30},"skip":true},"19":{"start":{"line":85,"column":24},"end":{"line":85,"column":49},"skip":true},"20":{"start":{"line":89,"column":12},"end":{"line":107,"column":13},"skip":true},"21":{"start":{"line":92,"column":16},"end":{"line":102,"column":17},"skip":true},"22":{"start":{"line":93,"column":20},"end":{"line":93,"column":86},"skip":true},"23":{"start":{"line":94,"column":20},"end":{"line":95,"column":45},"skip":true},"24":{"start":{"line":96,"column":20},"end":{"line":96,"column":42},"skip":true},"25":{"start":{"line":97,"column":20},"end":{"line":97,"column":48},"skip":true},"26":{"start":{"line":100,"column":20},"end":{"line":100,"column":85},"skip":true},"27":{"start":{"line":101,"column":20},"end":{"line":101,"column":96},"skip":true},"28":{"start":{"line":103,"column":16},"end":{"line":103,"column":22},"skip":true},"29":{"start":{"line":106,"column":16},"end":{"line":106,"column":22},"skip":true},"30":{"start":{"line":108,"column":12},"end":{"line":120,"column":13},"skip":true},"31":{"start":{"line":114,"column":16},"end":{"line":119,"column":17},"skip":true},"32":{"start":{"line":116,"column":20},"end":{"line":116,"column":78},"skip":true},"33":{"start":{"line":118,"column":20},"end":{"line":118,"column":47},"skip":true},"34":{"start":{"line":123,"column":8},"end":{"line":141,"column":11},"skip":true},"35":{"start":{"line":124,"column":12},"end":{"line":124,"column":54},"skip":true},"36":{"start":{"line":125,"column":12},"end":{"line":140,"column":14},"skip":true},"37":{"start":{"line":126,"column":16},"end":{"line":126,"column":28},"skip":true},"38":{"start":{"line":127,"column":16},"end":{"line":127,"column":69},"skip":true},"39":{"start":{"line":128,"column":16},"end":{"line":128,"column":75},"skip":true},"40":{"start":{"line":129,"column":16},"end":{"line":131,"column":17},"skip":true},"41":{"start":{"line":130,"column":20},"end":{"line":130,"column":27},"skip":true},"42":{"start":{"line":133,"column":16},"end":{"line":137,"column":36},"skip":true},"43":{"start":{"line":134,"column":20},"end":{"line":136,"column":55},"skip":true},"44":{"start":{"line":139,"column":16},"end":{"line":139,"column":57},"skip":true},"45":{"start":{"line":143,"column":8},"end":{"line":147,"column":11},"skip":true},"46":{"start":{"line":144,"column":12},"end":{"line":146,"column":15},"skip":true},"47":{"start":{"line":145,"column":16},"end":{"line":145,"column":70},"skip":true},"48":{"start":{"line":149,"column":8},"end":{"line":149,"column":31},"skip":true},"49":{"start":{"line":150,"column":8},"end":{"line":150,"column":14},"skip":true},"50":{"start":{"line":158,"column":8},"end":{"line":158,"column":31},"skip":true},"51":{"start":{"line":160,"column":8},"end":{"line":160,"column":33},"skip":true},"52":{"start":{"line":161,"column":8},"end":{"line":161,"column":37},"skip":true},"53":{"start":{"line":162,"column":8},"end":{"line":162,"column":35},"skip":true},"54":{"start":{"line":164,"column":8},"end":{"line":164,"column":50},"skip":true},"55":{"start":{"line":166,"column":8},"end":{"line":256,"column":2},"skip":true},"56":{"start":{"line":258,"column":8},"end":{"line":286,"column":9},"skip":true},"57":{"start":{"line":259,"column":12},"end":{"line":269,"column":14},"skip":true},"58":{"start":{"line":271,"column":12},"end":{"line":285,"column":19},"skip":true},"59":{"start":{"line":274,"column":20},"end":{"line":274,"column":35},"skip":true},"60":{"start":{"line":275,"column":20},"end":{"line":284,"column":21},"skip":true},"61":{"start":{"line":277,"column":24},"end":{"line":277,"column":64},"skip":true},"62":{"start":{"line":279,"column":24},"end":{"line":279,"column":40},"skip":true},"63":{"start":{"line":281,"column":24},"end":{"line":281,"column":40},"skip":true},"64":{"start":{"line":283,"column":24},"end":{"line":283,"column":39},"skip":true},"65":{"start":{"line":288,"column":8},"end":{"line":290,"column":9},"skip":true},"66":{"start":{"line":289,"column":12},"end":{"line":289,"column":18},"skip":true},"67":{"start":{"line":291,"column":8},"end":{"line":293,"column":54},"skip":true},"68":{"start":{"line":296,"column":8},"end":{"line":301,"column":37},"skip":true},"69":{"start":{"line":303,"column":8},"end":{"line":303,"column":82},"skip":true},"70":{"start":{"line":306,"column":8},"end":{"line":308,"column":9},"skip":true},"71":{"start":{"line":307,"column":12},"end":{"line":307,"column":82},"skip":true},"72":{"start":{"line":310,"column":8},"end":{"line":312,"column":9},"skip":true},"73":{"start":{"line":311,"column":12},"end":{"line":311,"column":18},"skip":true},"74":{"start":{"line":313,"column":8},"end":{"line":313,"column":54},"skip":true},"75":{"start":{"line":314,"column":8},"end":{"line":314,"column":69},"skip":true},"76":{"start":{"line":315,"column":8},"end":{"line":323,"column":36},"skip":true},"77":{"start":{"line":316,"column":12},"end":{"line":316,"column":61},"skip":true},"78":{"start":{"line":317,"column":12},"end":{"line":320,"column":13},"skip":true},"79":{"start":{"line":318,"column":16},"end":{"line":318,"column":75},"skip":true},"80":{"start":{"line":319,"column":16},"end":{"line":319,"column":23},"skip":true},"81":{"start":{"line":321,"column":12},"end":{"line":321,"column":38},"skip":true},"82":{"start":{"line":322,"column":12},"end":{"line":322,"column":27},"skip":true},"83":{"start":{"line":324,"column":8},"end":{"line":324,"column":14},"skip":true}},"branchMap":{"1":{"line":39,"type":"binary-expr","locations":[{"start":{"line":39,"column":23},"end":{"line":39,"column":62}},{"start":{"line":40,"column":20},"end":{"line":40,"column":70}},{"start":{"line":41,"column":20},"end":{"line":41,"column":71}},{"start":{"line":42,"column":20},"end":{"line":42,"column":29}}]},"2":{"line":44,"type":"binary-expr","locations":[{"start":{"line":44,"column":23},"end":{"line":44,"column":37}},{"start":{"line":45,"column":20},"end":{"line":45,"column":61}},{"start":{"line":46,"column":20},"end":{"line":46,"column":70}},{"start":{"line":47,"column":20},"end":{"line":47,"column":26}}]},"3":{"line":51,"type":"cond-expr","locations":[{"start":{"line":52,"column":14},"end":{"line":52,"column":20}},{"start":{"line":53,"column":14},"end":{"line":53,"column":20}}]},"4":{"line":55,"type":"binary-expr","locations":[{"start":{"line":55,"column":16},"end":{"line":55,"column":44}},{"start":{"line":55,"column":49},"end":{"line":57,"column":43}}]},"5":{"line":55,"type":"cond-expr","locations":[{"start":{"line":56,"column":14},"end":{"line":56,"column":61}},{"start":{"line":57,"column":14},"end":{"line":57,"column":43}}]},"6":{"line":61,"type":"switch","locations":[{"start":{"line":68,"column":4},"end":{"line":150,"column":14},"skip":true},{"start":{"line":156,"column":4},"end":{"line":324,"column":14},"skip":true}]},"7":{"line":70,"type":"if","locations":[{"start":{"line":70,"column":12},"end":{"line":70,"column":12},"skip":true},{"start":{"line":70,"column":12},"end":{"line":70,"column":12},"skip":true}]},"8":{"line":70,"type":"binary-expr","locations":[{"start":{"line":70,"column":16},"end":{"line":70,"column":22},"skip":true},{"start":{"line":70,"column":27},"end":{"line":70,"column":32},"skip":true},{"start":{"line":71,"column":20},"end":{"line":71,"column":39},"skip":true},{"start":{"line":72,"column":20},"end":{"line":72,"column":49},"skip":true},{"start":{"line":73,"column":20},"end":{"line":73,"column":58},"skip":true},{"start":{"line":74,"column":20},"end":{"line":74,"column":69},"skip":true}]},"9":{"line":79,"type":"switch","locations":[{"start":{"line":80,"column":20},"end":{"line":80,"column":33},"skip":true},{"start":{"line":81,"column":20},"end":{"line":83,"column":30},"skip":true},{"start":{"line":84,"column":20},"end":{"line":85,"column":49},"skip":true}]},"10":{"line":89,"type":"switch","locations":[{"start":{"line":90,"column":12},"end":{"line":103,"column":22},"skip":true},{"start":{"line":105,"column":12},"end":{"line":106,"column":22},"skip":true}]},"11":{"line":89,"type":"binary-expr","locations":[{"start":{"line":89,"column":20},"end":{"line":89,"column":25},"skip":true},{"start":{"line":89,"column":29},"end":{"line":89,"column":48},"skip":true},{"start":{"line":89,"column":52},"end":{"line":89,"column":74},"skip":true}]},"12":{"line":92,"type":"if","locations":[{"start":{"line":92,"column":16},"end":{"line":92,"column":16},"skip":true},{"start":{"line":92,"column":16},"end":{"line":92,"column":16},"skip":true}]},"13":{"line":108,"type":"if","locations":[{"start":{"line":108,"column":12},"end":{"line":108,"column":12},"skip":true},{"start":{"line":108,"column":12},"end":{"line":108,"column":12},"skip":true}]},"14":{"line":108,"type":"binary-expr","locations":[{"start":{"line":108,"column":16},"end":{"line":108,"column":61},"skip":true},{"start":{"line":108,"column":66},"end":{"line":108,"column":72},"skip":true},{"start":{"line":108,"column":77},"end":{"line":108,"column":82},"skip":true},{"start":{"line":109,"column":20},"end":{"line":109,"column":39},"skip":true},{"start":{"line":110,"column":20},"end":{"line":110,"column":49},"skip":true},{"start":{"line":111,"column":20},"end":{"line":111,"column":58},"skip":true},{"start":{"line":112,"column":20},"end":{"line":112,"column":68},"skip":true}]},"15":{"line":129,"type":"if","locations":[{"start":{"line":129,"column":16},"end":{"line":129,"column":16},"skip":true},{"start":{"line":129,"column":16},"end":{"line":129,"column":16},"skip":true}]},"16":{"line":134,"type":"cond-expr","locations":[{"start":{"line":135,"column":26},"end":{"line":135,"column":29},"skip":true},{"start":{"line":136,"column":26},"end":{"line":136,"column":54},"skip":true}]},"17":{"line":164,"type":"binary-expr","locations":[{"start":{"line":164,"column":27},"end":{"line":164,"column":43},"skip":true},{"start":{"line":164,"column":47},"end":{"line":164,"column":49},"skip":true}]},"18":{"line":258,"type":"if","locations":[{"start":{"line":258,"column":8},"end":{"line":258,"column":8},"skip":true},{"start":{"line":258,"column":8},"end":{"line":258,"column":8},"skip":true}]},"19":{"line":275,"type":"switch","locations":[{"start":{"line":276,"column":20},"end":{"line":277,"column":64},"skip":true},{"start":{"line":278,"column":20},"end":{"line":279,"column":40},"skip":true},{"start":{"line":280,"column":20},"end":{"line":281,"column":40},"skip":true},{"start":{"line":282,"column":20},"end":{"line":283,"column":39},"skip":true}]},"20":{"line":288,"type":"if","locations":[{"start":{"line":288,"column":8},"end":{"line":288,"column":8},"skip":true},{"start":{"line":288,"column":8},"end":{"line":288,"column":8},"skip":true}]},"21":{"line":288,"type":"binary-expr","locations":[{"start":{"line":288,"column":12},"end":{"line":288,"column":40},"skip":true},{"start":{"line":288,"column":44},"end":{"line":288,"column":67},"skip":true}]},"22":{"line":292,"type":"binary-expr","locations":[{"start":{"line":292,"column":12},"end":{"line":292,"column":50},"skip":true},{"start":{"line":293,"column":12},"end":{"line":293,"column":53},"skip":true}]},"23":{"line":297,"type":"binary-expr","locations":[{"start":{"line":297,"column":12},"end":{"line":297,"column":75},"skip":true},{"start":{"line":298,"column":12},"end":{"line":301,"column":36},"skip":true}]},"24":{"line":303,"type":"binary-expr","locations":[{"start":{"line":303,"column":43},"end":{"line":303,"column":75},"skip":true},{"start":{"line":303,"column":79},"end":{"line":303,"column":81},"skip":true}]},"25":{"line":306,"type":"if","locations":[{"start":{"line":306,"column":8},"end":{"line":306,"column":8},"skip":true},{"start":{"line":306,"column":8},"end":{"line":306,"column":8},"skip":true}]},"26":{"line":310,"type":"if","locations":[{"start":{"line":310,"column":8},"end":{"line":310,"column":8},"skip":true},{"start":{"line":310,"column":8},"end":{"line":310,"column":8},"skip":true}]},"27":{"line":313,"type":"binary-expr","locations":[{"start":{"line":313,"column":27},"end":{"line":313,"column":43},"skip":true},{"start":{"line":313,"column":47},"end":{"line":313,"column":53},"skip":true}]},"28":{"line":317,"type":"if","locations":[{"start":{"line":317,"column":12},"end":{"line":317,"column":12},"skip":true},{"start":{"line":317,"column":12},"end":{"line":317,"column":12},"skip":true}]}},"code":["/*","example.js","","quickstart example","","instruction","    1. save this script as example.js","    2. run the shell command:","        $ npm install npmtest-grunt-spritesmith && PORT=8081 node example.js","    3. play with the browser-demo on http://127.0.0.1:8081","*/","","","","/* istanbul instrument in package npmtest_grunt_spritesmith */","/*jslint","    bitwise: true,","    browser: true,","    maxerr: 8,","    maxlen: 96,","    node: true,","    nomen: true,","    regexp: true,","    stupid: true","*/","(function () {","    'use strict';","    var local;","","","","    // run shared js-env code - pre-init","    (function () {","        // init local","        local = {};","        // init modeJs","        local.modeJs = (function () {","            try {","                return typeof navigator.userAgent === 'string' &&","                    typeof document.querySelector('body') === 'object' &&","                    typeof XMLHttpRequest.prototype.open === 'function' &&","                    'browser';","            } catch (errorCaughtBrowser) {","                return module.exports &&","                    typeof process.versions.node === 'string' &&","                    typeof require('http').createServer === 'function' &&","                    'node';","            }","        }());","        // init global","        local.global = local.modeJs === 'browser'","            ? window","            : global;","        // init utility2_rollup","        local = local.global.utility2_rollup || (local.modeJs === 'browser'","            ? local.global.utility2_npmtest_grunt_spritesmith","            : global.utility2_moduleExports);","        // export local","        local.global.local = local;","    }());","    switch (local.modeJs) {","","","","    // post-init","    // run browser js-env code - post-init","    /* istanbul ignore next */","    case 'browser':","        local.testRunBrowser = function (event) {","            if (!event || (event &&","                    event.currentTarget &&","                    event.currentTarget.className &&","                    event.currentTarget.className.includes &&","                    event.currentTarget.className.includes('onreset'))) {","                // reset output","                Array.from(","                    document.querySelectorAll('body > .resettable')","                ).forEach(function (element) {","                    switch (element.tagName) {","                    case 'INPUT':","                    case 'TEXTAREA':","                        element.value = '';","                        break;","                    default:","                        element.textContent = '';","                    }","                });","            }","            switch (event && event.currentTarget && event.currentTarget.id) {","            case 'testRunButton1':","                // show tests","                if (document.querySelector('#testReportDiv1').style.display === 'none') {","                    document.querySelector('#testReportDiv1').style.display = 'block';","                    document.querySelector('#testRunButton1').textContent =","                        'hide internal test';","                    local.modeTest = true;","                    local.testRunDefault(local);","                // hide tests","                } else {","                    document.querySelector('#testReportDiv1').style.display = 'none';","                    document.querySelector('#testRunButton1').textContent = 'run internal test';","                }","                break;","            // custom-case","            default:","                break;","            }","            if (document.querySelector('#inputTextareaEval1') && (!event || (event &&","                    event.currentTarget &&","                    event.currentTarget.className &&","                    event.currentTarget.className.includes &&","                    event.currentTarget.className.includes('oneval')))) {","                // try to eval input-code","                try {","                    /*jslint evil: true*/","                    eval(document.querySelector('#inputTextareaEval1').value);","                } catch (errorCaught) {","                    console.error(errorCaught);","                }","            }","        };","        // log stderr and stdout to #outputTextareaStdout1","        ['error', 'log'].forEach(function (key) {","            console[key + '_original'] = console[key];","            console[key] = function () {","                var element;","                console[key + '_original'].apply(console, arguments);","                element = document.querySelector('#outputTextareaStdout1');","                if (!element) {","                    return;","                }","                // append text to #outputTextareaStdout1","                element.value += Array.from(arguments).map(function (arg) {","                    return typeof arg === 'string'","                        ? arg","                        : JSON.stringify(arg, null, 4);","                }).join(' ') + '\\n';","                // scroll textarea to bottom","                element.scrollTop = element.scrollHeight;","            };","        });","        // init event-handling","        ['change', 'click', 'keyup'].forEach(function (event) {","            Array.from(document.querySelectorAll('.on' + event)).forEach(function (element) {","                element.addEventListener(event, local.testRunBrowser);","            });","        });","        // run tests","        local.testRunBrowser();","        break;","","","","    // run node js-env code - post-init","    /* istanbul ignore next */","    case 'node':","        // export local","        module.exports = local;","        // require modules","        local.fs = require('fs');","        local.http = require('http');","        local.url = require('url');","        // init assets","        local.assetsDict = local.assetsDict || {};","        /* jslint-ignore-begin */","        local.assetsDict['/assets.index.template.html'] = '\\","<!doctype html>\\n\\","<html lang=\"en\">\\n\\","<head>\\n\\","<meta charset=\"UTF-8\">\\n\\","<meta name=\"viewport\" content=\"width=device-width, initial-scale=1\">\\n\\","<title>{{env.npm_package_name}} (v{{env.npm_package_version}})</title>\\n\\","<style>\\n\\","/*csslint\\n\\","    box-sizing: false,\\n\\","    universal-selector: false\\n\\","*/\\n\\","* {\\n\\","    box-sizing: border-box;\\n\\","}\\n\\","body {\\n\\","    background: #dde;\\n\\","    font-family: Arial, Helvetica, sans-serif;\\n\\","    margin: 2rem;\\n\\","}\\n\\","body > * {\\n\\","    margin-bottom: 1rem;\\n\\","}\\n\\",".utility2FooterDiv {\\n\\","    margin-top: 20px;\\n\\","    text-align: center;\\n\\","}\\n\\","</style>\\n\\","<style>\\n\\","/*csslint\\n\\","*/\\n\\","textarea {\\n\\","    font-family: monospace;\\n\\","    height: 10rem;\\n\\","    width: 100%;\\n\\","}\\n\\","textarea[readonly] {\\n\\","    background: #ddd;\\n\\","}\\n\\","</style>\\n\\","</head>\\n\\","<body>\\n\\","<!-- utility2-comment\\n\\","<div id=\"ajaxProgressDiv1\" style=\"background: #d00; height: 2px; left: 0; margin: 0; padding: 0; position: fixed; top: 0; transition: background 0.5s, width 1.5s; width: 25%;\"></div>\\n\\","utility2-comment -->\\n\\","<h1>\\n\\","<!-- utility2-comment\\n\\","    <a\\n\\","        {{#if env.npm_package_homepage}}\\n\\","        href=\"{{env.npm_package_homepage}}\"\\n\\","        {{/if env.npm_package_homepage}}\\n\\","        target=\"_blank\"\\n\\","    >\\n\\","utility2-comment -->\\n\\","        {{env.npm_package_name}} (v{{env.npm_package_version}})\\n\\","<!-- utility2-comment\\n\\","    </a>\\n\\","utility2-comment -->\\n\\","</h1>\\n\\","<h3>{{env.npm_package_description}}</h3>\\n\\","<!-- utility2-comment\\n\\","<h4><a download href=\"assets.app.js\">download standalone app</a></h4>\\n\\","<button class=\"onclick onreset\" id=\"testRunButton1\">run internal test</button><br>\\n\\","<div id=\"testReportDiv1\" style=\"display: none;\"></div>\\n\\","utility2-comment -->\\n\\","\\n\\","\\n\\","\\n\\","<label>stderr and stdout</label>\\n\\","<textarea class=\"resettable\" id=\"outputTextareaStdout1\" readonly></textarea>\\n\\","<!-- utility2-comment\\n\\","{{#if isRollup}}\\n\\","<script src=\"assets.app.js\"></script>\\n\\","{{#unless isRollup}}\\n\\","utility2-comment -->\\n\\","<script src=\"assets.utility2.rollup.js\"></script>\\n\\","<script src=\"jsonp.utility2._stateInit?callback=window.utility2._stateInit\"></script>\\n\\","<script src=\"assets.npmtest_grunt_spritesmith.rollup.js\"></script>\\n\\","<script src=\"assets.example.js\"></script>\\n\\","<script src=\"assets.test.js\"></script>\\n\\","<!-- utility2-comment\\n\\","{{/if isRollup}}\\n\\","utility2-comment -->\\n\\","<div class=\"utility2FooterDiv\">\\n\\","    [ this app was created with\\n\\","    <a href=\"https://github.com/kaizhu256/node-utility2\" target=\"_blank\">utility2</a>\\n\\","    ]\\n\\","</div>\\n\\","</body>\\n\\","</html>\\n\\","';","        /* jslint-ignore-end */","        if (local.templateRender) {","            local.assetsDict['/'] = local.templateRender(","                local.assetsDict['/assets.index.template.html'],","                {","                    env: local.objectSetDefault(local.env, {","                        npm_package_description: 'the greatest app in the world!',","                        npm_package_name: 'my-app',","                        npm_package_nameAlias: 'my_app',","                        npm_package_version: '0.0.1'","                    })","                }","            );","        } else {","            local.assetsDict['/'] = local.assetsDict['/assets.index.template.html']","                .replace((/\\{\\{env\\.(\\w+?)\\}\\}/g), function (match0, match1) {","                    // jslint-hack","                    String(match0);","                    switch (match1) {","                    case 'npm_package_description':","                        return 'the greatest app in the world!';","                    case 'npm_package_name':","                        return 'my-app';","                    case 'npm_package_nameAlias':","                        return 'my_app';","                    case 'npm_package_version':","                        return '0.0.1';","                    }","                });","        }","        // run the cli","        if (local.global.utility2_rollup || module !== require.main) {","            break;","        }","        local.assetsDict['/assets.example.js'] =","            local.assetsDict['/assets.example.js'] ||","            local.fs.readFileSync(__filename, 'utf8');","        // bug-workaround - long $npm_package_buildCustomOrg","        /* jslint-ignore-begin */","        local.assetsDict['/assets.npmtest_grunt_spritesmith.rollup.js'] =","            local.assetsDict['/assets.npmtest_grunt_spritesmith.rollup.js'] ||","            local.fs.readFileSync(","                local.npmtest_grunt_spritesmith.__dirname + '/lib.npmtest_grunt_spritesmith.js',","                'utf8'","            ).replace((/^#!/), '//');","        /* jslint-ignore-end */","        local.assetsDict['/favicon.ico'] = local.assetsDict['/favicon.ico'] || '';","        // if $npm_config_timeout_exit exists,","        // then exit this process after $npm_config_timeout_exit ms","        if (Number(process.env.npm_config_timeout_exit)) {","            setTimeout(process.exit, Number(process.env.npm_config_timeout_exit));","        }","        // start server","        if (local.global.utility2_serverHttp1) {","            break;","        }","        process.env.PORT = process.env.PORT || '8081';","        console.error('server starting on port ' + process.env.PORT);","        local.http.createServer(function (request, response) {","            request.urlParsed = local.url.parse(request.url);","            if (local.assetsDict[request.urlParsed.pathname] !== undefined) {","                response.end(local.assetsDict[request.urlParsed.pathname]);","                return;","            }","            response.statusCode = 404;","            response.end();","        }).listen(process.env.PORT);","        break;","    }","}());",""],"l":{"26":2,"28":2,"33":2,"35":2,"37":2,"38":2,"39":2,"44":1,"51":2,"55":2,"59":2,"61":2,"69":1,"70":2,"76":2,"79":2,"82":2,"83":2,"85":1,"89":2,"92":1,"93":1,"94":1,"96":1,"97":1,"100":1,"101":1,"103":1,"106":1,"108":2,"114":1,"116":1,"118":1,"123":1,"124":2,"125":2,"126":3,"127":3,"128":3,"129":3,"130":1,"133":3,"134":3,"139":3,"143":1,"144":3,"145":1,"149":1,"150":1,"158":1,"160":1,"161":1,"162":1,"164":1,"166":1,"258":1,"259":1,"271":1,"274":6,"275":6,"277":1,"279":2,"281":1,"283":2,"288":1,"289":1,"291":1,"296":1,"303":1,"306":1,"307":1,"310":1,"311":1,"313":1,"314":1,"315":1,"316":1,"317":1,"318":1,"319":1,"321":1,"322":1,"324":1}},"/home/travis/build/npmtest/node-npmtest-grunt-spritesmith/node_modules/grunt-spritesmith/tasks/grunt-spritesmith.js":{"path":"/home/travis/build/npmtest/node-npmtest-grunt-spritesmith/node_modules/grunt-spritesmith/tasks/grunt-spritesmith.js","s":{"1":1},"b":{},"f":{},"fnMap":{},"statementMap":{"1":{"start":{"line":1,"column":0},"end":{"line":1,"column":56}}},"branchMap":{},"code":["module.exports = require('../src/grunt-spritesmith.js');",""],"l":{"1":1}},"/home/travis/build/npmtest/node-npmtest-grunt-spritesmith/node_modules/grunt-spritesmith/src/grunt-spritesmith.js":{"path":"/home/travis/build/npmtest/node-npmtest-grunt-spritesmith/node_modules/grunt-spritesmith/src/grunt-spritesmith.js","s":{"1":1,"2":1,"3":1,"4":1,"5":1,"6":1,"7":1,"8":1,"9":2,"10":1,"11":10,"12":0,"13":0,"14":0,"15":0,"16":0,"17":1,"18":1,"19":1,"20":1,"21":1,"22":1,"23":1,"24":1,"25":1,"26":1,"27":1,"28":1,"29":1,"30":0,"31":0,"32":0,"33":0,"34":0,"35":1,"36":1,"37":0,"38":0,"39":0,"40":0,"41":0,"42":0,"43":0,"44":0,"45":0,"46":0,"47":0,"48":0,"49":0,"50":0,"51":0,"52":0,"53":0,"54":0,"55":0,"56":0,"57":0,"58":0,"59":0,"60":0,"61":0,"62":0,"63":0,"64":0,"65":0,"66":0,"67":0,"68":0,"69":0,"70":0,"71":0,"72":0,"73":0,"74":0,"75":0,"76":0,"77":0,"78":0,"79":0,"80":0,"81":0,"82":0,"83":0,"84":0,"85":0,"86":0,"87":0,"88":0,"89":0,"90":0,"91":0,"92":0,"93":0,"94":0,"95":0,"96":0,"97":0,"98":0,"99":0,"100":0,"101":0,"102":0,"103":0,"104":0,"105":0,"106":0,"107":0,"108":0,"109":0,"110":0,"111":0,"112":0,"113":0,"114":0,"115":0,"116":0,"117":0,"118":0,"119":0,"120":0,"121":0,"122":0,"123":0,"124":0,"125":0,"126":0,"127":0,"128":0,"129":0,"130":0,"131":0,"132":0,"133":0,"134":0,"135":0,"136":0,"137":0,"138":0,"139":0,"140":0,"141":0,"142":0,"143":0,"144":0,"145":0,"146":0,"147":0,"148":0,"149":0,"150":0,"151":0,"152":0,"153":0,"154":0,"155":0,"156":0,"157":0,"158":0,"159":0,"160":0,"161":0,"162":0,"163":0,"164":0,"165":0,"166":0,"167":0,"168":0,"169":0,"170":0,"171":0,"172":0,"173":0,"174":0},"b":{"1":[0,0],"2":[0,0],"3":[0,0],"4":[0,0],"5":[0,0],"6":[0,0,0],"7":[0,0],"8":[0,0],"9":[0,0],"10":[0,0],"11":[0,0],"12":[0,0],"13":[0,0],"14":[0,0,0],"15":[0,0],"16":[0,0],"17":[0,0],"18":[0,0],"19":[0,0],"20":[0,0],"21":[0,0],"22":[0,0],"23":[0,0],"24":[0,0],"25":[0,0],"26":[0,0],"27":[0,0],"28":[0,0],"29":[0,0],"30":[0,0],"31":[0,0],"32":[0,0],"33":[0,0],"34":[0,0],"35":[0,0],"36":[0,0],"37":[0,0],"38":[0,0],"39":[0,0],"40":[0,0],"41":[0,0]},"f":{"1":2,"2":10,"3":0,"4":0,"5":0,"6":0,"7":0,"8":0,"9":0,"10":0,"11":0,"12":0,"13":0,"14":0,"15":0,"16":0,"17":0,"18":0,"19":0,"20":0},"fnMap":{"1":{"name":"ExtFormat","line":11,"loc":{"start":{"line":11,"column":0},"end":{"line":11,"column":21}}},"2":{"name":"(anonymous_2)","line":15,"loc":{"start":{"line":15,"column":7},"end":{"line":15,"column":28}}},"3":{"name":"(anonymous_3)","line":18,"loc":{"start":{"line":18,"column":7},"end":{"line":18,"column":27}}},"4":{"name":"getCoordinateName","line":48,"loc":{"start":{"line":48,"column":0},"end":{"line":48,"column":37}}},"5":{"name":"gruntSpritesmith","line":62,"loc":{"start":{"line":62,"column":17},"end":{"line":62,"column":51}}},"6":{"name":"gruntSpritesmithFn","line":64,"loc":{"start":{"line":64,"column":2},"end":{"line":64,"column":32}}},"7":{"name":"filterSrcFile","line":103,"loc":{"start":{"line":103,"column":33},"end":{"line":103,"column":67}}},"8":{"name":"generateNormalImages","line":157,"loc":{"start":{"line":157,"column":6},"end":{"line":157,"column":47}}},"9":{"name":"generateRetinaImages","line":161,"loc":{"start":{"line":161,"column":6},"end":{"line":161,"column":47}}},"10":{"name":"handleImages","line":168,"loc":{"start":{"line":168,"column":7},"end":{"line":168,"column":46}}},"11":{"name":"validateSprites","line":180,"loc":{"start":{"line":180,"column":30},"end":{"line":180,"column":73}}},"12":{"name":"noop","line":206,"loc":{"start":{"line":206,"column":40},"end":{"line":206,"column":57}}},"13":{"name":"prepareTemplateData","line":210,"loc":{"start":{"line":210,"column":61},"end":{"line":210,"column":97}}},"14":{"name":"prepareRetinaTemplateData","line":248,"loc":{"start":{"line":248,"column":69},"end":{"line":248,"column":111}}},"15":{"name":"getRetinaGroups","line":261,"loc":{"start":{"line":261,"column":39},"end":{"line":261,"column":82}}},"16":{"name":"registerHelper","line":273,"loc":{"start":{"line":273,"column":47},"end":{"line":273,"column":83}}},"17":{"name":"outputNormalImage","line":323,"loc":{"start":{"line":323,"column":8},"end":{"line":323,"column":40}}},"18":{"name":"outputRetinaImage","line":334,"loc":{"start":{"line":334,"column":8},"end":{"line":334,"column":40}}},"19":{"name":"outputCss","line":346,"loc":{"start":{"line":346,"column":8},"end":{"line":346,"column":32}}},"20":{"name":"handleError","line":351,"loc":{"start":{"line":351,"column":9},"end":{"line":351,"column":36}}}},"statementMap":{"1":{"start":{"line":2,"column":0},"end":{"line":2,"column":23}},"2":{"start":{"line":3,"column":0},"end":{"line":3,"column":27}},"3":{"start":{"line":4,"column":0},"end":{"line":4,"column":30}},"4":{"start":{"line":5,"column":0},"end":{"line":5,"column":29}},"5":{"start":{"line":6,"column":0},"end":{"line":6,"column":49}},"6":{"start":{"line":7,"column":0},"end":{"line":7,"column":41}},"7":{"start":{"line":8,"column":0},"end":{"line":8,"column":26}},"8":{"start":{"line":11,"column":0},"end":{"line":13,"column":1}},"9":{"start":{"line":12,"column":2},"end":{"line":12,"column":22}},"10":{"start":{"line":14,"column":0},"end":{"line":28,"column":2}},"11":{"start":{"line":16,"column":4},"end":{"line":16,"column":31}},"12":{"start":{"line":20,"column":4},"end":{"line":20,"column":37}},"13":{"start":{"line":21,"column":4},"end":{"line":21,"column":37}},"14":{"start":{"line":24,"column":4},"end":{"line":24,"column":35}},"15":{"start":{"line":25,"column":4},"end":{"line":25,"column":37}},"16":{"start":{"line":26,"column":4},"end":{"line":26,"column":18}},"17":{"start":{"line":31,"column":0},"end":{"line":31,"column":33}},"18":{"start":{"line":32,"column":0},"end":{"line":32,"column":33}},"19":{"start":{"line":35,"column":0},"end":{"line":35,"column":30}},"20":{"start":{"line":36,"column":0},"end":{"line":36,"column":31}},"21":{"start":{"line":37,"column":0},"end":{"line":37,"column":32}},"22":{"start":{"line":40,"column":0},"end":{"line":40,"column":34}},"23":{"start":{"line":41,"column":0},"end":{"line":41,"column":36}},"24":{"start":{"line":42,"column":0},"end":{"line":42,"column":32}},"25":{"start":{"line":43,"column":0},"end":{"line":43,"column":32}},"26":{"start":{"line":44,"column":0},"end":{"line":44,"column":32}},"27":{"start":{"line":45,"column":0},"end":{"line":45,"column":32}},"28":{"start":{"line":46,"column":0},"end":{"line":46,"column":30}},"29":{"start":{"line":48,"column":0},"end":{"line":60,"column":1}},"30":{"start":{"line":50,"column":2},"end":{"line":50,"column":41}},"31":{"start":{"line":51,"column":2},"end":{"line":51,"column":38}},"32":{"start":{"line":54,"column":2},"end":{"line":56,"column":3}},"33":{"start":{"line":55,"column":4},"end":{"line":55,"column":20}},"34":{"start":{"line":59,"column":2},"end":{"line":59,"column":29}},"35":{"start":{"line":62,"column":0},"end":{"line":376,"column":2}},"36":{"start":{"line":64,"column":2},"end":{"line":372,"column":3}},"37":{"start":{"line":66,"column":4},"end":{"line":66,"column":25}},"38":{"start":{"line":69,"column":4},"end":{"line":71,"column":5}},"39":{"start":{"line":70,"column":6},"end":{"line":70,"column":33}},"40":{"start":{"line":74,"column":4},"end":{"line":74,"column":23}},"41":{"start":{"line":75,"column":4},"end":{"line":75,"column":28}},"42":{"start":{"line":76,"column":4},"end":{"line":76,"column":31}},"43":{"start":{"line":77,"column":4},"end":{"line":77,"column":39}},"44":{"start":{"line":78,"column":4},"end":{"line":78,"column":20}},"45":{"start":{"line":81,"column":4},"end":{"line":83,"column":5}},"46":{"start":{"line":82,"column":6},"end":{"line":82,"column":90}},"47":{"start":{"line":86,"column":4},"end":{"line":86,"column":42}},"48":{"start":{"line":89,"column":4},"end":{"line":89,"column":23}},"49":{"start":{"line":90,"column":4},"end":{"line":90,"column":47}},"50":{"start":{"line":91,"column":4},"end":{"line":91,"column":40}},"51":{"start":{"line":92,"column":4},"end":{"line":121,"column":5}},"52":{"start":{"line":93,"column":6},"end":{"line":93,"column":50}},"53":{"start":{"line":96,"column":6},"end":{"line":99,"column":7}},"54":{"start":{"line":97,"column":8},"end":{"line":98,"column":41}},"55":{"start":{"line":102,"column":6},"end":{"line":102,"column":26}},"56":{"start":{"line":103,"column":6},"end":{"line":112,"column":9}},"57":{"start":{"line":105,"column":8},"end":{"line":111,"column":9}},"58":{"start":{"line":106,"column":10},"end":{"line":106,"column":40}},"59":{"start":{"line":107,"column":10},"end":{"line":107,"column":23}},"60":{"start":{"line":110,"column":10},"end":{"line":110,"column":22}},"61":{"start":{"line":113,"column":6},"end":{"line":113,"column":81}},"62":{"start":{"line":116,"column":6},"end":{"line":120,"column":7}},"63":{"start":{"line":117,"column":8},"end":{"line":119,"column":52}},"64":{"start":{"line":124,"column":4},"end":{"line":124,"column":32}},"65":{"start":{"line":127,"column":4},"end":{"line":127,"column":37}},"66":{"start":{"line":128,"column":4},"end":{"line":128,"column":71}},"67":{"start":{"line":131,"column":4},"end":{"line":131,"column":45}},"68":{"start":{"line":134,"column":4},"end":{"line":141,"column":6}},"69":{"start":{"line":144,"column":4},"end":{"line":144,"column":57}},"70":{"start":{"line":145,"column":4},"end":{"line":145,"column":32}},"71":{"start":{"line":146,"column":4},"end":{"line":146,"column":26}},"72":{"start":{"line":147,"column":4},"end":{"line":152,"column":5}},"73":{"start":{"line":148,"column":6},"end":{"line":150,"column":28}},"74":{"start":{"line":151,"column":6},"end":{"line":151,"column":67}},"75":{"start":{"line":155,"column":4},"end":{"line":371,"column":7}},"76":{"start":{"line":158,"column":8},"end":{"line":158,"column":53}},"77":{"start":{"line":162,"column":8},"end":{"line":166,"column":9}},"78":{"start":{"line":163,"column":10},"end":{"line":163,"column":67}},"79":{"start":{"line":165,"column":10},"end":{"line":165,"column":37}},"80":{"start":{"line":170,"column":6},"end":{"line":173,"column":7}},"81":{"start":{"line":171,"column":8},"end":{"line":171,"column":25}},"82":{"start":{"line":172,"column":8},"end":{"line":172,"column":29}},"83":{"start":{"line":176,"column":6},"end":{"line":176,"column":39}},"84":{"start":{"line":177,"column":6},"end":{"line":177,"column":39}},"85":{"start":{"line":179,"column":6},"end":{"line":188,"column":7}},"86":{"start":{"line":180,"column":8},"end":{"line":187,"column":11}},"87":{"start":{"line":181,"column":10},"end":{"line":181,"column":46}},"88":{"start":{"line":182,"column":10},"end":{"line":186,"column":11}},"89":{"start":{"line":183,"column":12},"end":{"line":185,"column":104}},"90":{"start":{"line":191,"column":6},"end":{"line":191,"column":79}},"91":{"start":{"line":192,"column":6},"end":{"line":192,"column":23}},"92":{"start":{"line":193,"column":6},"end":{"line":195,"column":7}},"93":{"start":{"line":194,"column":8},"end":{"line":194,"column":95}},"94":{"start":{"line":198,"column":6},"end":{"line":198,"column":43}},"95":{"start":{"line":199,"column":6},"end":{"line":199,"column":41}},"96":{"start":{"line":200,"column":6},"end":{"line":200,"column":70}},"97":{"start":{"line":201,"column":6},"end":{"line":205,"column":8}},"98":{"start":{"line":206,"column":6},"end":{"line":206,"column":60}},"99":{"start":{"line":207,"column":6},"end":{"line":207,"column":27}},"100":{"start":{"line":210,"column":6},"end":{"line":228,"column":9}},"101":{"start":{"line":212,"column":8},"end":{"line":212,"column":43}},"102":{"start":{"line":213,"column":8},"end":{"line":213,"column":39}},"103":{"start":{"line":216,"column":8},"end":{"line":216,"column":27}},"104":{"start":{"line":217,"column":8},"end":{"line":217,"column":35}},"105":{"start":{"line":219,"column":8},"end":{"line":219,"column":34}},"106":{"start":{"line":220,"column":8},"end":{"line":220,"column":46}},"107":{"start":{"line":221,"column":8},"end":{"line":221,"column":48}},"108":{"start":{"line":224,"column":8},"end":{"line":224,"column":45}},"109":{"start":{"line":227,"column":8},"end":{"line":227,"column":33}},"110":{"start":{"line":231,"column":6},"end":{"line":231,"column":28}},"111":{"start":{"line":232,"column":6},"end":{"line":232,"column":23}},"112":{"start":{"line":233,"column":6},"end":{"line":233,"column":32}},"113":{"start":{"line":234,"column":6},"end":{"line":268,"column":7}},"114":{"start":{"line":236,"column":8},"end":{"line":236,"column":57}},"115":{"start":{"line":237,"column":8},"end":{"line":237,"column":55}},"116":{"start":{"line":238,"column":8},"end":{"line":238,"column":90}},"117":{"start":{"line":239,"column":8},"end":{"line":243,"column":10}},"118":{"start":{"line":245,"column":8},"end":{"line":245,"column":31}},"119":{"start":{"line":248,"column":8},"end":{"line":258,"column":11}},"120":{"start":{"line":249,"column":10},"end":{"line":249,"column":45}},"121":{"start":{"line":250,"column":10},"end":{"line":250,"column":47}},"122":{"start":{"line":251,"column":10},"end":{"line":251,"column":29}},"123":{"start":{"line":252,"column":10},"end":{"line":252,"column":37}},"124":{"start":{"line":253,"column":10},"end":{"line":253,"column":42}},"125":{"start":{"line":254,"column":10},"end":{"line":254,"column":54}},"126":{"start":{"line":255,"column":10},"end":{"line":255,"column":56}},"127":{"start":{"line":256,"column":10},"end":{"line":256,"column":47}},"128":{"start":{"line":257,"column":10},"end":{"line":257,"column":41}},"129":{"start":{"line":261,"column":8},"end":{"line":267,"column":11}},"130":{"start":{"line":263,"column":10},"end":{"line":266,"column":12}},"131":{"start":{"line":271,"column":6},"end":{"line":271,"column":56}},"132":{"start":{"line":272,"column":6},"end":{"line":276,"column":7}},"133":{"start":{"line":273,"column":8},"end":{"line":275,"column":11}},"134":{"start":{"line":274,"column":10},"end":{"line":274,"column":86}},"135":{"start":{"line":279,"column":6},"end":{"line":279,"column":43}},"136":{"start":{"line":280,"column":6},"end":{"line":280,"column":42}},"137":{"start":{"line":281,"column":6},"end":{"line":298,"column":7}},"138":{"start":{"line":282,"column":8},"end":{"line":286,"column":9}},"139":{"start":{"line":283,"column":10},"end":{"line":283,"column":56}},"140":{"start":{"line":285,"column":10},"end":{"line":285,"column":91}},"141":{"start":{"line":289,"column":8},"end":{"line":289,"column":35}},"142":{"start":{"line":290,"column":8},"end":{"line":297,"column":9}},"143":{"start":{"line":291,"column":10},"end":{"line":291,"column":56}},"144":{"start":{"line":294,"column":10},"end":{"line":296,"column":11}},"145":{"start":{"line":295,"column":12},"end":{"line":295,"column":35}},"146":{"start":{"line":301,"column":6},"end":{"line":319,"column":9}},"147":{"start":{"line":322,"column":6},"end":{"line":370,"column":9}},"148":{"start":{"line":325,"column":10},"end":{"line":325,"column":49}},"149":{"start":{"line":326,"column":10},"end":{"line":326,"column":39}},"150":{"start":{"line":329,"column":10},"end":{"line":329,"column":58}},"151":{"start":{"line":330,"column":10},"end":{"line":330,"column":38}},"152":{"start":{"line":331,"column":10},"end":{"line":331,"column":39}},"153":{"start":{"line":332,"column":10},"end":{"line":332,"column":41}},"154":{"start":{"line":335,"column":10},"end":{"line":344,"column":11}},"155":{"start":{"line":336,"column":12},"end":{"line":336,"column":63}},"156":{"start":{"line":337,"column":12},"end":{"line":337,"column":47}},"157":{"start":{"line":338,"column":12},"end":{"line":338,"column":72}},"158":{"start":{"line":339,"column":12},"end":{"line":339,"column":46}},"159":{"start":{"line":340,"column":12},"end":{"line":340,"column":47}},"160":{"start":{"line":341,"column":12},"end":{"line":341,"column":55}},"161":{"start":{"line":343,"column":12},"end":{"line":343,"column":33}},"162":{"start":{"line":347,"column":10},"end":{"line":347,"column":49}},"163":{"start":{"line":348,"column":10},"end":{"line":348,"column":39}},"164":{"start":{"line":349,"column":10},"end":{"line":349,"column":52}},"165":{"start":{"line":353,"column":8},"end":{"line":356,"column":9}},"166":{"start":{"line":354,"column":10},"end":{"line":354,"column":27}},"167":{"start":{"line":355,"column":10},"end":{"line":355,"column":31}},"168":{"start":{"line":359,"column":8},"end":{"line":359,"column":49}},"169":{"start":{"line":359,"column":31},"end":{"line":359,"column":47}},"170":{"start":{"line":362,"column":8},"end":{"line":366,"column":9}},"171":{"start":{"line":363,"column":10},"end":{"line":363,"column":108}},"172":{"start":{"line":365,"column":10},"end":{"line":365,"column":83}},"173":{"start":{"line":369,"column":8},"end":{"line":369,"column":23}},"174":{"start":{"line":375,"column":2},"end":{"line":375,"column":86}}},"branchMap":{"1":{"line":54,"type":"if","locations":[{"start":{"line":54,"column":2},"end":{"line":54,"column":2}},{"start":{"line":54,"column":2},"end":{"line":54,"column":2}}]},"2":{"line":69,"type":"if","locations":[{"start":{"line":69,"column":4},"end":{"line":69,"column":4}},{"start":{"line":69,"column":4},"end":{"line":69,"column":4}}]},"3":{"line":69,"type":"binary-expr","locations":[{"start":{"line":69,"column":8},"end":{"line":69,"column":30}},{"start":{"line":69,"column":34},"end":{"line":69,"column":44}}]},"4":{"line":70,"type":"binary-expr","locations":[{"start":{"line":70,"column":13},"end":{"line":70,"column":26}},{"start":{"line":70,"column":30},"end":{"line":70,"column":32}}]},"5":{"line":81,"type":"if","locations":[{"start":{"line":81,"column":4},"end":{"line":81,"column":4}},{"start":{"line":81,"column":4},"end":{"line":81,"column":4}}]},"6":{"line":81,"type":"binary-expr","locations":[{"start":{"line":81,"column":8},"end":{"line":81,"column":12}},{"start":{"line":81,"column":16},"end":{"line":81,"column":24}},{"start":{"line":81,"column":28},"end":{"line":81,"column":36}}]},"7":{"line":92,"type":"if","locations":[{"start":{"line":92,"column":4},"end":{"line":92,"column":4}},{"start":{"line":92,"column":4},"end":{"line":92,"column":4}}]},"8":{"line":92,"type":"binary-expr","locations":[{"start":{"line":92,"column":8},"end":{"line":92,"column":23}},{"start":{"line":92,"column":27},"end":{"line":92,"column":40}}]},"9":{"line":96,"type":"if","locations":[{"start":{"line":96,"column":6},"end":{"line":96,"column":6}},{"start":{"line":96,"column":6},"end":{"line":96,"column":6}}]},"10":{"line":96,"type":"binary-expr","locations":[{"start":{"line":96,"column":10},"end":{"line":96,"column":26}},{"start":{"line":96,"column":30},"end":{"line":96,"column":44}}]},"11":{"line":105,"type":"if","locations":[{"start":{"line":105,"column":8},"end":{"line":105,"column":8}},{"start":{"line":105,"column":8},"end":{"line":105,"column":8}}]},"12":{"line":116,"type":"if","locations":[{"start":{"line":116,"column":6},"end":{"line":116,"column":6}},{"start":{"line":116,"column":6},"end":{"line":116,"column":6}}]},"13":{"line":127,"type":"binary-expr","locations":[{"start":{"line":127,"column":18},"end":{"line":127,"column":30}},{"start":{"line":127,"column":34},"end":{"line":127,"column":36}}]},"14":{"line":128,"type":"binary-expr","locations":[{"start":{"line":128,"column":20},"end":{"line":128,"column":34}},{"start":{"line":128,"column":38},"end":{"line":128,"column":61}},{"start":{"line":128,"column":65},"end":{"line":128,"column":70}}]},"15":{"line":137,"type":"binary-expr","locations":[{"start":{"line":137,"column":15},"end":{"line":137,"column":27}},{"start":{"line":137,"column":31},"end":{"line":137,"column":32}}]},"16":{"line":138,"type":"binary-expr","locations":[{"start":{"line":138,"column":21},"end":{"line":138,"column":39}},{"start":{"line":138,"column":43},"end":{"line":138,"column":45}}]},"17":{"line":139,"type":"binary-expr","locations":[{"start":{"line":139,"column":18},"end":{"line":139,"column":33}},{"start":{"line":139,"column":37},"end":{"line":139,"column":39}}]},"18":{"line":147,"type":"if","locations":[{"start":{"line":147,"column":4},"end":{"line":147,"column":4}},{"start":{"line":147,"column":4},"end":{"line":147,"column":4}}]},"19":{"line":162,"type":"if","locations":[{"start":{"line":162,"column":8},"end":{"line":162,"column":8}},{"start":{"line":162,"column":8},"end":{"line":162,"column":8}}]},"20":{"line":170,"type":"if","locations":[{"start":{"line":170,"column":6},"end":{"line":170,"column":6}},{"start":{"line":170,"column":6},"end":{"line":170,"column":6}}]},"21":{"line":179,"type":"if","locations":[{"start":{"line":179,"column":6},"end":{"line":179,"column":6}},{"start":{"line":179,"column":6},"end":{"line":179,"column":6}}]},"22":{"line":182,"type":"if","locations":[{"start":{"line":182,"column":10},"end":{"line":182,"column":10}},{"start":{"line":182,"column":10},"end":{"line":182,"column":10}}]},"23":{"line":182,"type":"binary-expr","locations":[{"start":{"line":182,"column":14},"end":{"line":182,"column":59}},{"start":{"line":182,"column":63},"end":{"line":182,"column":110}}]},"24":{"line":193,"type":"if","locations":[{"start":{"line":193,"column":6},"end":{"line":193,"column":6}},{"start":{"line":193,"column":6},"end":{"line":193,"column":6}}]},"25":{"line":200,"type":"binary-expr","locations":[{"start":{"line":200,"column":23},"end":{"line":200,"column":35}},{"start":{"line":200,"column":39},"end":{"line":200,"column":69}}]},"26":{"line":206,"type":"binary-expr","locations":[{"start":{"line":206,"column":22},"end":{"line":206,"column":36}},{"start":{"line":206,"column":40},"end":{"line":206,"column":59}}]},"27":{"line":224,"type":"binary-expr","locations":[{"start":{"line":224,"column":17},"end":{"line":224,"column":34}},{"start":{"line":224,"column":38},"end":{"line":224,"column":44}}]},"28":{"line":234,"type":"if","locations":[{"start":{"line":234,"column":6},"end":{"line":234,"column":6}},{"start":{"line":234,"column":6},"end":{"line":234,"column":6}}]},"29":{"line":238,"type":"binary-expr","locations":[{"start":{"line":238,"column":31},"end":{"line":238,"column":49}},{"start":{"line":238,"column":53},"end":{"line":238,"column":89}}]},"30":{"line":256,"type":"binary-expr","locations":[{"start":{"line":256,"column":19},"end":{"line":256,"column":36}},{"start":{"line":256,"column":40},"end":{"line":256,"column":46}}]},"31":{"line":272,"type":"if","locations":[{"start":{"line":272,"column":6},"end":{"line":272,"column":6}},{"start":{"line":272,"column":6},"end":{"line":272,"column":6}}]},"32":{"line":280,"type":"binary-expr","locations":[{"start":{"line":280,"column":23},"end":{"line":280,"column":35}},{"start":{"line":280,"column":39},"end":{"line":280,"column":41}}]},"33":{"line":281,"type":"if","locations":[{"start":{"line":281,"column":6},"end":{"line":281,"column":6}},{"start":{"line":281,"column":6},"end":{"line":281,"column":6}}]},"34":{"line":282,"type":"if","locations":[{"start":{"line":282,"column":8},"end":{"line":282,"column":8}},{"start":{"line":282,"column":8},"end":{"line":282,"column":8}}]},"35":{"line":290,"type":"if","locations":[{"start":{"line":290,"column":8},"end":{"line":290,"column":8}},{"start":{"line":290,"column":8},"end":{"line":290,"column":8}}]},"36":{"line":291,"type":"binary-expr","locations":[{"start":{"line":291,"column":22},"end":{"line":291,"column":45}},{"start":{"line":291,"column":49},"end":{"line":291,"column":55}}]},"37":{"line":294,"type":"if","locations":[{"start":{"line":294,"column":10},"end":{"line":294,"column":10}},{"start":{"line":294,"column":10},"end":{"line":294,"column":10}}]},"38":{"line":335,"type":"if","locations":[{"start":{"line":335,"column":10},"end":{"line":335,"column":10}},{"start":{"line":335,"column":10},"end":{"line":335,"column":10}}]},"39":{"line":353,"type":"if","locations":[{"start":{"line":353,"column":8},"end":{"line":353,"column":8}},{"start":{"line":353,"column":8},"end":{"line":353,"column":8}}]},"40":{"line":359,"type":"if","locations":[{"start":{"line":359,"column":8},"end":{"line":359,"column":8}},{"start":{"line":359,"column":8},"end":{"line":359,"column":8}}]},"41":{"line":362,"type":"if","locations":[{"start":{"line":362,"column":8},"end":{"line":362,"column":8}},{"start":{"line":362,"column":8},"end":{"line":362,"column":8}}]}},"code":["// Load in dependencies","var fs = require('fs');","var path = require('path');","var _ = require('underscore');","var async = require('async');","var templater = require('spritesheet-templates');","var Spritesmith = require('spritesmith');","var url = require('url2');","","// Define class to contain different extension handlers","function ExtFormat() {","  this.formatObj = {};","}","ExtFormat.prototype = {","  add: function (name, val) {","    this.formatObj[name] = val;","  },","  get: function (filepath) {","    // Grab the extension from the filepath","    var ext = path.extname(filepath);","    var lowerExt = ext.toLowerCase();","","    // Look up the file extenion from our format object","    var formatObj = this.formatObj;","    var format = formatObj[lowerExt];","    return format;","  }","};","","// Create img and css formats","var imgFormats = new ExtFormat();","var cssFormats = new ExtFormat();","","// Add our img formats","imgFormats.add('.png', 'png');","imgFormats.add('.jpg', 'jpeg');","imgFormats.add('.jpeg', 'jpeg');","","// Add our css formats","cssFormats.add('.styl', 'stylus');","cssFormats.add('.stylus', 'stylus');","cssFormats.add('.sass', 'sass');","cssFormats.add('.scss', 'scss');","cssFormats.add('.less', 'less');","cssFormats.add('.json', 'json');","cssFormats.add('.css', 'css');","","function getCoordinateName(filepath) {","  // Extract the image name (exlcuding extension)","  var fullname = path.basename(filepath);","  var nameParts = fullname.split('.');","","  // If there is are more than 2 parts, pop the last one","  if (nameParts.length >= 2) {","    nameParts.pop();","  }","","  // Return our modified filename","  return nameParts.join('.');","}","","module.exports = function gruntSpritesmith (grunt) {","  // Create a gruntSpritesmithFn function","  function gruntSpritesmithFn() {","    // Grab the raw configuration","    var data = this.data;","","    // If we were invoked via `grunt-newer`, re-localize the info","    if (data.src === undefined && data.files) {","      data = data.files[0] || {};","    }","","    // Determine the origin and destinations","    var src = data.src;","    var destImg = data.dest;","    var destCss = data.destCss;","    var cssTemplate = data.cssTemplate;","    var that = this;","","    // Verify all properties are here","    if (!src || !destImg || !destCss) {","      return grunt.fatal('grunt.sprite requires a src, dest (img), and destCss property');","    }","","    // Expand all filepaths (e.g. `*.png` -> `home.png`)","    var srcFiles = grunt.file.expand(src);","","    // If there are settings for retina","    var retinaSrcFiles;","    var retinaSrcFilter = data.retinaSrcFilter;","    var retinaDestImg = data.retinaDest;","    if (retinaSrcFilter || retinaDestImg) {","      grunt.log.debug('Retina settings detected');","","      // Verify our required set is present","      if (!retinaSrcFilter || !retinaDestImg) {","        return grunt.fatal('Retina settings detected. We must have both `retinaSrcFilter` and `retinaDest` ' +","          'provided for retina to work');","      }","","      // Filter out our retina files","      retinaSrcFiles = [];","      srcFiles = srcFiles.filter(function filterSrcFile (filepath) {","        // If we have a retina file, filter it out","        if (grunt.file.match(retinaSrcFilter, filepath).length) {","          retinaSrcFiles.push(filepath);","          return false;","        // Otherwise, keep it in the src files","        } else {","          return true;","        }","      });","      grunt.verbose.writeln('Retina images found: ' + retinaSrcFiles.join(', '));","","      // If we have a different amount of normal and retina images, complain and leave","      if (srcFiles.length !== retinaSrcFiles.length) {","        return grunt.fatal('Retina settings detected but ' + retinaSrcFiles.length + ' retina images were found. ' +","          'We have ' + srcFiles.length + ' normal images and expect these numbers to line up. ' +","          'Please double check `retinaSrcFilter`.');","      }","    }","","    // Create an async callback","    var callback = this.async();","","    // Determine the format of the image","    var imgOpts = data.imgOpts || {};","    var imgFormat = imgOpts.format || imgFormats.get(destImg) || 'png';","","    // Set up the defautls for imgOpts","    _.defaults(imgOpts, {format: imgFormat});","","    // Prepare spritesmith parameters","    var spritesmithParams = {","      engine: data.engine,","      algorithm: data.algorithm,","      padding: data.padding || 0,","      algorithmOpts: data.algorithmOpts || {},","      engineOpts: data.engineOpts || {},","      exportOpts: imgOpts","    };","","    // Construct our spritesmiths","    var spritesmith = new Spritesmith(spritesmithParams);","    var retinaSpritesmithParams;","    var retinaSpritesmith;","    if (retinaSrcFiles) {","      retinaSpritesmithParams = _.defaults({","        padding: spritesmithParams.padding * 2","      }, spritesmithParams);","      retinaSpritesmith = new Spritesmith(retinaSpritesmithParams);","    }","","    // In parallel","    async.parallel([","      // Load in our normal images","      function generateNormalImages (callback) {","        spritesmith.createImages(srcFiles, callback);","      },","      // If we have retina images, load them in as well","      function generateRetinaImages (callback) {","        if (retinaSrcFiles) {","          retinaSpritesmith.createImages(retinaSrcFiles, callback);","        } else {","          process.nextTick(callback);","        }","      }","    ], function handleImages (err, resultArr) {","      // If an error occurred, callback with it","      if (err) {","        grunt.fatal(err);","        return callback(err);","      }","","      // Otherwise, validate our images line up","      var normalSprites = resultArr[0];","      var retinaSprites = resultArr[1];","      // TODO: Validate error looks good","      if (retinaSprites) {","        normalSprites.forEach(function validateSprites (normalSprite, i) {","          var retinaSprite = retinaSprites[i];","          if (retinaSprite.width !== normalSprite.width * 2 || retinaSprite.height !== normalSprite.height * 2) {","            grunt.log.warn('Normal sprite has inconsistent size with retina sprite. ' +","              '\"' + srcFiles[i] + '\" is ' + normalSprite.width + 'x' + normalSprite.height + ' while ' +","              '\"' + retinaSrcFiles[i] + '\" is ' + retinaSprite.width + 'x' + retinaSprite.height + '.');","          }","        });","      }","","      // Process our sprites into spritesheets","      var result = spritesmith.processImages(normalSprites, spritesmithParams);","      var retinaResult;","      if (retinaSprites) {","        retinaResult = retinaSpritesmith.processImages(retinaSprites, retinaSpritesmithParams);","      }","","      // Generate a listing of CSS variables","      var coordinates = result.coordinates;","      var properties = result.properties;","      var spritePath = data.imgPath || url.relative(destCss, destImg);","      var spritesheetInfo = {","        width: properties.width,","        height: properties.height,","        image: spritePath","      };","      var cssVarMap = data.cssVarMap || function noop () {};","      var cleanCoords = [];","","      // Clean up the file name of the file","      Object.getOwnPropertyNames(coordinates).sort().forEach(function prepareTemplateData (file) {","        // Extract out our name","        var name = getCoordinateName(file);","        var coords = coordinates[file];","","        // Specify the image for the sprite","        coords.name = name;","        coords.source_image = file;","        // DEV: `image`, `total_width`, `total_height` are deprecated as they are overwritten in `spritesheet-templates`","        coords.image = spritePath;","        coords.total_width = properties.width;","        coords.total_height = properties.height;","","        // Map the coordinates through cssVarMap","        coords = cssVarMap(coords) || coords;","","        // Save the cleaned name and coordinates","        cleanCoords.push(coords);","      });","","      // If we have retina sprites","      var retinaCleanCoords;","      var retinaGroups;","      var retinaSpritesheetInfo;","      if (retinaResult) {","        // Generate a listing of CSS variables","        var retinaCoordinates = retinaResult.coordinates;","        var retinaProperties = retinaResult.properties;","        var retinaSpritePath = data.retinaImgPath || url.relative(destCss, retinaDestImg);","        retinaSpritesheetInfo = {","          width: retinaProperties.width,","          height: retinaProperties.height,","          image: retinaSpritePath","        };","        // DEV: We reuse cssVarMap","        retinaCleanCoords = [];","","        // Clean up the file name of the file","        Object.getOwnPropertyNames(retinaCoordinates).sort().forEach(function prepareRetinaTemplateData (file) {","          var name = getCoordinateName(file);","          var coords = retinaCoordinates[file];","          coords.name = name;","          coords.source_image = file;","          coords.image = retinaSpritePath;","          coords.total_width = retinaProperties.width;","          coords.total_height = retinaProperties.height;","          coords = cssVarMap(coords) || coords;","          retinaCleanCoords.push(coords);","        });","","        // Generate groups for our coordinates","        retinaGroups = cleanCoords.map(function getRetinaGroups (normalSprite, i) {","          // DEV: Name is inherited from `cssVarMap` on normal sprite","          return {","            name: normalSprite.name,","            index: i","          };","        });","      }","","      // If we have handlebars helpers, register them","      var handlebarsHelpers = data.cssHandlebarsHelpers;","      if (handlebarsHelpers) {","        Object.keys(handlebarsHelpers).forEach(function registerHelper (helperKey) {","          templater.registerHandlebarsHelper(helperKey, handlebarsHelpers[helperKey]);","        });","      }","","      // If there is a custom template, use it","      var cssFormat = 'spritesmith-custom';","      var cssOptions = data.cssOpts || {};","      if (cssTemplate) {","        if (typeof cssTemplate === 'function') {","          templater.addTemplate(cssFormat, cssTemplate);","        } else {","          templater.addHandlebarsTemplate(cssFormat, fs.readFileSync(cssTemplate, 'utf8'));","        }","      // Otherwise, override the cssFormat and fallback to 'json'","      } else {","        cssFormat = data.cssFormat;","        if (!cssFormat) {","          cssFormat = cssFormats.get(destCss) || 'json';","","          // If we are dealing with retina items, move to retina flavor (e.g. `scss` -> `scss_retina`)","          if (retinaGroups) {","            cssFormat += '_retina';","          }","        }","      }","","      // Render the variables via `spritesheet-templates`","      var cssStr = templater({","        sprites: cleanCoords,","        spritesheet: spritesheetInfo,","        spritesheet_info: {","          name: data.cssSpritesheetName","        },","        retina_groups: retinaGroups,","        retina_sprites: retinaCleanCoords,","        retina_spritesheet: retinaSpritesheetInfo,","        retina_spritesheet_info: {","          name: data.cssRetinaSpritesheetName","        },","        retina_groups_info: {","          name: data.cssRetinaGroupsName","        }","      }, {","        format: cssFormat,","        formatOpts: cssOptions","      });","","      // Write out the content","      async.parallel([","        function outputNormalImage (cb) {","          // Create our directory","          var destImgDir = path.dirname(destImg);","          grunt.file.mkdir(destImgDir);","","          // Generate our write stream and pipe the image to it","          var writeStream = fs.createWriteStream(destImg);","          writeStream.on('error', cb);","          writeStream.on('finish', cb);","          result.image.pipe(writeStream);","        },","        function outputRetinaImage (cb) {","          if (retinaResult) {","            var retinaDestImgDir = path.dirname(retinaDestImg);","            grunt.file.mkdir(retinaDestImgDir);","            var retinaWriteStream = fs.createWriteStream(retinaDestImg);","            retinaWriteStream.on('error', cb);","            retinaWriteStream.on('finish', cb);","            retinaResult.image.pipe(retinaWriteStream);","          } else {","            process.nextTick(cb);","          }","        },","        function outputCss (cb) {","          var destCssDir = path.dirname(destCss);","          grunt.file.mkdir(destCssDir);","          fs.writeFile(destCss, cssStr, 'utf8', cb);","        }","      ], function handleError (err) {","        // If there was an error, fail with it","        if (err) {","          grunt.fatal(err);","          return callback(err);","        }","","        // Fail task if errors were logged","        if (that.errorCount) { callback(false); }","","        // Otherwise, print a success message","        if (retinaDestImg) {","          grunt.log.writeln('Files \"' + destCss + '\", \"' + destImg + '\", \"' + retinaDestImg + '\" created.');","        } else {","          grunt.log.writeln('Files \"' + destCss + '\", \"' + destImg + '\" created.');","        }","","        // Callback","        callback(true);","      });","    });","  }","","  // Export the gruntSpritesmithFn function","  grunt.registerMultiTask('sprite', 'Spritesheet making utility', gruntSpritesmithFn);","};",""],"l":{"2":1,"3":1,"4":1,"5":1,"6":1,"7":1,"8":1,"11":1,"12":2,"14":1,"16":10,"20":0,"21":0,"24":0,"25":0,"26":0,"31":1,"32":1,"35":1,"36":1,"37":1,"40":1,"41":1,"42":1,"43":1,"44":1,"45":1,"46":1,"48":1,"50":0,"51":0,"54":0,"55":0,"59":0,"62":1,"64":1,"66":0,"69":0,"70":0,"74":0,"75":0,"76":0,"77":0,"78":0,"81":0,"82":0,"86":0,"89":0,"90":0,"91":0,"92":0,"93":0,"96":0,"97":0,"102":0,"103":0,"105":0,"106":0,"107":0,"110":0,"113":0,"116":0,"117":0,"124":0,"127":0,"128":0,"131":0,"134":0,"144":0,"145":0,"146":0,"147":0,"148":0,"151":0,"155":0,"158":0,"162":0,"163":0,"165":0,"170":0,"171":0,"172":0,"176":0,"177":0,"179":0,"180":0,"181":0,"182":0,"183":0,"191":0,"192":0,"193":0,"194":0,"198":0,"199":0,"200":0,"201":0,"206":0,"207":0,"210":0,"212":0,"213":0,"216":0,"217":0,"219":0,"220":0,"221":0,"224":0,"227":0,"231":0,"232":0,"233":0,"234":0,"236":0,"237":0,"238":0,"239":0,"245":0,"248":0,"249":0,"250":0,"251":0,"252":0,"253":0,"254":0,"255":0,"256":0,"257":0,"261":0,"263":0,"271":0,"272":0,"273":0,"274":0,"279":0,"280":0,"281":0,"282":0,"283":0,"285":0,"289":0,"290":0,"291":0,"294":0,"295":0,"301":0,"322":0,"325":0,"326":0,"329":0,"330":0,"331":0,"332":0,"335":0,"336":0,"337":0,"338":0,"339":0,"340":0,"341":0,"343":0,"347":0,"348":0,"349":0,"353":0,"354":0,"355":0,"359":0,"362":0,"363":0,"365":0,"369":0,"375":0}}}